
[PM-15:31:47] [BOWZU]池上彰がコインロッカーで爆弾をなげる
[PM-15:31:47] [BOWZU]陸上自衛隊が公衆電話ボックスでマザーボードを天井にぶら下げる
[PM-15:31:48] [BOWZU]﻿坊主が住宅展示場でトイレを戻す
[PM-15:31:48] [BOWZU]ツイッタラーがインターネットで弁当を縮める
[PM-15:31:48] [BOWZU]陸上自衛隊が天国で爆弾を天井にぶら下げる
[PM-15:31:48] [BOWZU]おれが茶の間で古墳を縮める
[PM-15:31:53] [BOWZU]ﾋｼﾞﾘｻﾜ↓ｼｮｳﾉｽｹ↑が沖縄県で借金を逃がす
[PM-15:31:55] [BOWZU]小保●春子が住宅展示場でるいるいを刺す
[PM-15:31:55] [BOWZU]小保●春子がインターネットでPHPを偽造する
[PM-15:31:57] [BOWZU]ヒカキンが公園の砂場でパソコンを飛ばす
[PM-15:31:57] [BOWZU]おれが公園の砂場でPHPを上げる
[PM-15:31:57] [BOWZU]君がアットホームな明るい職場で﻿サバを処刑する
[PM-15:31:57] [BOWZU]社長が公衆電話ボックスで弁当を殴る
[PM-15:31:57] [BOWZU]ヒカキンが校長室で弁当をあたまからかぶる
[PM-15:32:12] [BOWZU]神がロッカーでおーいお茶を伸ばす
[PM-15:32:13] [BOWZU]るいるいが公衆電話ボックスでマザーボードを作る
[PM-15:32:13] [BOWZU]君がテニスコートでるいるいを呼ぶ
[PM-15:32:13] [BOWZU]陸上自衛隊が野原で鳩を﻿蒸す
[PM-15:32:14] [BOWZU]工場長が長野県でおーいお茶を上げる
[PM-15:32:14] [BOWZU]プログラマーが野原でおーいお茶を縮める
[PM-15:32:14] [BOWZU]ヤギがカラオケで都バスを編集する
[PM-15:32:30] [BOWZU]DTMerが茶の間でマザーボードを失う
[PM-15:32:33] [BOWZU]﻿坊主が理科室でマザーボードを上げる
[PM-15:32:38] [BOWZU]社長が校長室で﻿サバを殺す
[PM-15:32:43] [BOWZU]内閣総理大臣が公園の砂場で﻿サバを失う
[PM-15:32:48] [BOWZU]ヒカキンがテニスコートで借金を握る
[PM-15:32:49] [BOWZU]DTMerがインターネットで鳩を炒る
[PM-15:33:13] [BOWZU]陸上自衛隊が理科室でサバンナをあたまからかぶる
[PM-15:33:14] [BOWZU]DTMerが地獄でおにぎりを伸ばす
[PM-15:33:14] [BOWZU]小保●春子がインターネットで﻿サバを飛ばす
[PM-15:33:14] [BOWZU]オリンピック金メダリストが沖縄県でおーいお茶を張る
[PM-15:33:14] [BOWZU]池上彰が公衆電話ボックスでマザーボードを﻿蒸す
[PM-15:33:15] [BOWZU]おれが校長室で都バスを握る
[PM-15:33:15] [BOWZU]ﾋｼﾞﾘｻﾜ↓ｼｮｳﾉｽｹ↑が地獄で爆弾を偽造する
[PM-15:33:17] [BOWZU]ツイッタラーが地獄でるいるいを処刑する
[PM-15:33:26] [BOWZU]工場長がインターネットで古墳を偽造する
[PM-15:33:27] [BOWZU]君が天国でサバンナを炒る
[PM-15:33:27] [BOWZU]﻿坊主が宇宙でPHPを張る
[PM-15:33:34] [BOWZU]内閣総理大臣がフェイスブックでおーいお茶を書く
[PM-15:33:35] [BOWZU]るいるいが野原で古墳を伸ばす
[PM-15:33:40] [BOWZU]きちへいがトイレの個室でマザーボードを偽造する
[PM-15:33:41] [BOWZU]DTMerが宇宙でマザーボードを打つ
[PM-15:33:46] [BOWZU]きちへいがツイッターでパソコンを偽造する
[PM-15:33:47] [BOWZU]小保●春子が天国でPHPを逃がす
[PM-15:33:48] [BOWZU]音楽家がロッカーでマザーボードを炒る
[PM-15:33:54] [BOWZU]プログラマーが長野県で爆弾を生かす
[PM-15:33:55] [BOWZU]くそふとがテニスコートでサバンナを﻿蒸す